0 info it worked if it ends with ok
1 verbose cli [ 'node',
1 verbose cli   '/usr/local/bin/npm',
1 verbose cli   'install',
1 verbose cli   'express',
1 verbose cli   'method-override',
1 verbose cli   'request',
1 verbose cli   'lodash',
1 verbose cli   '--save' ]
2 info using npm@1.4.28
3 info using node@v0.10.32
4 warn package.json BackBoneView@1.0.0 No description
5 warn package.json BackBoneView@1.0.0 No README data
6 verbose readDependencies using package.json deps
7 verbose cache add [ 'express', null ]
8 verbose cache add name=undefined spec="express" args=["express",null]
9 verbose parsed url { protocol: null,
9 verbose parsed url   slashes: null,
9 verbose parsed url   auth: null,
9 verbose parsed url   host: null,
9 verbose parsed url   port: null,
9 verbose parsed url   hostname: null,
9 verbose parsed url   hash: null,
9 verbose parsed url   search: null,
9 verbose parsed url   query: null,
9 verbose parsed url   pathname: 'express',
9 verbose parsed url   path: 'express',
9 verbose parsed url   href: 'express' }
10 verbose cache add [ 'method-override', null ]
11 verbose cache add name=undefined spec="method-override" args=["method-override",null]
12 verbose parsed url { protocol: null,
12 verbose parsed url   slashes: null,
12 verbose parsed url   auth: null,
12 verbose parsed url   host: null,
12 verbose parsed url   port: null,
12 verbose parsed url   hostname: null,
12 verbose parsed url   hash: null,
12 verbose parsed url   search: null,
12 verbose parsed url   query: null,
12 verbose parsed url   pathname: 'method-override',
12 verbose parsed url   path: 'method-override',
12 verbose parsed url   href: 'method-override' }
13 verbose cache add [ 'request', null ]
14 verbose cache add name=undefined spec="request" args=["request",null]
15 verbose parsed url { protocol: null,
15 verbose parsed url   slashes: null,
15 verbose parsed url   auth: null,
15 verbose parsed url   host: null,
15 verbose parsed url   port: null,
15 verbose parsed url   hostname: null,
15 verbose parsed url   hash: null,
15 verbose parsed url   search: null,
15 verbose parsed url   query: null,
15 verbose parsed url   pathname: 'request',
15 verbose parsed url   path: 'request',
15 verbose parsed url   href: 'request' }
16 verbose cache add [ 'lodash', null ]
17 verbose cache add name=undefined spec="lodash" args=["lodash",null]
18 verbose parsed url { protocol: null,
18 verbose parsed url   slashes: null,
18 verbose parsed url   auth: null,
18 verbose parsed url   host: null,
18 verbose parsed url   port: null,
18 verbose parsed url   hostname: null,
18 verbose parsed url   hash: null,
18 verbose parsed url   search: null,
18 verbose parsed url   query: null,
18 verbose parsed url   pathname: 'lodash',
18 verbose parsed url   path: 'lodash',
18 verbose parsed url   href: 'lodash' }
19 silly lockFile f3c62de4-express express
20 verbose lock express /Users/juliolson/.npm/f3c62de4-express.lock
21 silly lockFile 0b00fa9d-method-override method-override
22 verbose lock method-override /Users/juliolson/.npm/0b00fa9d-method-override.lock
23 silly lockFile 088e29b0-request request
24 verbose lock request /Users/juliolson/.npm/088e29b0-request.lock
25 silly lockFile 901466a5-lodash lodash
26 verbose lock lodash /Users/juliolson/.npm/901466a5-lodash.lock
27 silly lockFile f3c62de4-express express
28 silly lockFile f3c62de4-express express
29 silly lockFile 0b00fa9d-method-override method-override
30 silly lockFile 0b00fa9d-method-override method-override
31 silly lockFile 088e29b0-request request
32 silly lockFile 088e29b0-request request
33 silly lockFile 901466a5-lodash lodash
34 silly lockFile 901466a5-lodash lodash
35 verbose addNamed [ 'express', '' ]
36 verbose addNamed [ null, '*' ]
37 silly lockFile 64a534c1-express express@
38 verbose lock express@ /Users/juliolson/.npm/64a534c1-express.lock
39 verbose addNamed [ 'method-override', '' ]
40 verbose addNamed [ null, '*' ]
41 silly lockFile dd70539b-method-override method-override@
42 verbose lock method-override@ /Users/juliolson/.npm/dd70539b-method-override.lock
43 verbose addNamed [ 'request', '' ]
44 verbose addNamed [ null, '*' ]
45 silly lockFile 9d461bcf-request request@
46 verbose lock request@ /Users/juliolson/.npm/9d461bcf-request.lock
47 verbose addNamed [ 'lodash', '' ]
48 verbose addNamed [ null, '*' ]
49 silly lockFile f856e425-lodash lodash@
50 verbose lock lodash@ /Users/juliolson/.npm/f856e425-lodash.lock
51 silly addNameRange { name: 'express', range: '*', hasData: false }
52 silly addNameRange { name: 'method-override', range: '*', hasData: false }
53 silly addNameRange { name: 'request', range: '*', hasData: false }
54 silly addNameRange { name: 'lodash', range: '*', hasData: false }
55 verbose request where is /method-override
56 verbose request registry https://registry.npmjs.org/
57 verbose request id b0ea61cbbab2af15
58 verbose url raw /method-override
59 verbose url resolving [ 'https://registry.npmjs.org/', './method-override' ]
60 verbose url resolved https://registry.npmjs.org/method-override
61 verbose request where is https://registry.npmjs.org/method-override
62 info trying registry request attempt 1 at 11:02:11
63 http GET https://registry.npmjs.org/method-override
64 verbose request where is /express
65 verbose request registry https://registry.npmjs.org/
66 verbose url raw /express
67 verbose url resolving [ 'https://registry.npmjs.org/', './express' ]
68 verbose url resolved https://registry.npmjs.org/express
69 verbose request where is https://registry.npmjs.org/express
70 info trying registry request attempt 1 at 11:02:11
71 verbose etag "83H3CG151JZG85DS656IHITA"
72 http GET https://registry.npmjs.org/express
73 verbose request where is /lodash
74 verbose request registry https://registry.npmjs.org/
75 verbose url raw /lodash
76 verbose url resolving [ 'https://registry.npmjs.org/', './lodash' ]
77 verbose url resolved https://registry.npmjs.org/lodash
78 verbose request where is https://registry.npmjs.org/lodash
79 info trying registry request attempt 1 at 11:02:11
80 verbose etag "6LPF6FT7RG4AQVJJI1XF81TPL"
81 http GET https://registry.npmjs.org/lodash
82 verbose request where is /request
83 verbose request registry https://registry.npmjs.org/
84 verbose url raw /request
85 verbose url resolving [ 'https://registry.npmjs.org/', './request' ]
86 verbose url resolved https://registry.npmjs.org/request
87 verbose request where is https://registry.npmjs.org/request
88 info trying registry request attempt 1 at 11:02:11
89 verbose etag "EG63G7Z36IXWK5NHWBIEA81QU"
90 http GET https://registry.npmjs.org/request
91 http 200 https://registry.npmjs.org/method-override
92 silly registry.get cb [ 200,
92 silly registry.get   { date: 'Fri, 07 Nov 2014 17:02:12 GMT',
92 silly registry.get     server: 'CouchDB/1.5.0 (Erlang OTP/R14B04)',
92 silly registry.get     etag: '"ARSLRG3HPV6L40NZ27OSUG5GE"',
92 silly registry.get     'content-type': 'application/json',
92 silly registry.get     'cache-control': 'max-age=60',
92 silly registry.get     'content-length': '27197',
92 silly registry.get     'accept-ranges': 'bytes',
92 silly registry.get     via: '1.1 varnish',
92 silly registry.get     age: '30',
92 silly registry.get     'x-served-by': 'cache-dfw1827-DFW',
92 silly registry.get     'x-cache': 'HIT',
92 silly registry.get     'x-cache-hits': '1',
92 silly registry.get     'x-timer': 'S1415379732.091086,VS0,VE0',
92 silly registry.get     vary: 'Accept',
92 silly registry.get     'keep-alive': 'timeout=10, max=50',
92 silly registry.get     connection: 'Keep-Alive' } ]
93 silly addNameRange number 2 { name: 'method-override', range: '*', hasData: true }
94 silly addNameRange versions [ 'method-override',
94 silly addNameRange   [ '1.0.0',
94 silly addNameRange     '1.0.1',
94 silly addNameRange     '1.0.2',
94 silly addNameRange     '2.0.0',
94 silly addNameRange     '2.0.1',
94 silly addNameRange     '2.0.2',
94 silly addNameRange     '2.1.0',
94 silly addNameRange     '2.1.1',
94 silly addNameRange     '2.1.2',
94 silly addNameRange     '2.1.3',
94 silly addNameRange     '2.2.0',
94 silly addNameRange     '2.3.0' ] ]
95 verbose addNamed [ 'method-override', '2.3.0' ]
96 verbose addNamed [ '2.3.0', '2.3.0' ]
97 silly lockFile d0db1aff-method-override-2-3-0 method-override@2.3.0
98 verbose lock method-override@2.3.0 /Users/juliolson/.npm/d0db1aff-method-override-2-3-0.lock
99 silly lockFile 3bbfb5fd-erride-method-override-2-3-0-tgz https://registry.npmjs.org/method-override/-/method-override-2.3.0.tgz
100 verbose lock https://registry.npmjs.org/method-override/-/method-override-2.3.0.tgz /Users/juliolson/.npm/3bbfb5fd-erride-method-override-2-3-0-tgz.lock
101 verbose addRemoteTarball [ 'https://registry.npmjs.org/method-override/-/method-override-2.3.0.tgz',
101 verbose addRemoteTarball   'fe820769594247ede8a6ca87b8eaa413084e595e' ]
102 info retry fetch attempt 1 at 11:02:11
103 verbose fetch to= /var/folders/49/fn79vrgn3p10j_k2n03kzb640000gn/T/npm-52197-D60KmIfK/registry.npmjs.org/method-override/-/method-override-2.3.0.tgz
104 http GET https://registry.npmjs.org/method-override/-/method-override-2.3.0.tgz
105 http 304 https://registry.npmjs.org/express
106 silly registry.get cb [ 304,
106 silly registry.get   { date: 'Fri, 07 Nov 2014 17:02:12 GMT',
106 silly registry.get     server: 'Apache',
106 silly registry.get     via: '1.1 varnish',
106 silly registry.get     'last-modified': 'Fri, 07 Nov 2014 17:02:12 GMT',
106 silly registry.get     'cache-control': 'max-age=60',
106 silly registry.get     etag: '"83H3CG151JZG85DS656IHITA"',
106 silly registry.get     age: '0',
106 silly registry.get     'x-served-by': 'cache-dfw1826-DFW',
106 silly registry.get     'x-cache': 'HIT',
106 silly registry.get     'x-cache-hits': '1',
106 silly registry.get     'x-timer': 'S1415379732.099592,VS0,VE62',
106 silly registry.get     vary: 'Accept',
106 silly registry.get     'content-length': '0',
106 silly registry.get     'keep-alive': 'timeout=10, max=50',
106 silly registry.get     connection: 'Keep-Alive' } ]
107 verbose etag https://registry.npmjs.org/express from cache
108 silly addNameRange number 2 { name: 'express', range: '*', hasData: true }
109 silly addNameRange versions [ 'express',
109 silly addNameRange   [ '0.14.0',
109 silly addNameRange     '0.14.1',
109 silly addNameRange     '1.0.0',
109 silly addNameRange     '1.0.1',
109 silly addNameRange     '1.0.2',
109 silly addNameRange     '1.0.3',
109 silly addNameRange     '1.0.4',
109 silly addNameRange     '1.0.5',
109 silly addNameRange     '1.0.6',
109 silly addNameRange     '1.0.7',
109 silly addNameRange     '1.0.8',
109 silly addNameRange     '2.0.0',
109 silly addNameRange     '2.1.0',
109 silly addNameRange     '2.1.1',
109 silly addNameRange     '2.2.0',
109 silly addNameRange     '2.2.1',
109 silly addNameRange     '2.2.2',
109 silly addNameRange     '2.3.0',
109 silly addNameRange     '2.3.1',
109 silly addNameRange     '2.3.2',
109 silly addNameRange     '2.3.3',
109 silly addNameRange     '2.3.4',
109 silly addNameRange     '2.3.5',
109 silly addNameRange     '2.3.6',
109 silly addNameRange     '2.3.7',
109 silly addNameRange     '2.3.8',
109 silly addNameRange     '2.3.9',
109 silly addNameRange     '2.3.10',
109 silly addNameRange     '2.3.11',
109 silly addNameRange     '2.3.12',
109 silly addNameRange     '2.4.0',
109 silly addNameRange     '2.4.1',
109 silly addNameRange     '2.4.2',
109 silly addNameRange     '2.4.3',
109 silly addNameRange     '2.4.4',
109 silly addNameRange     '2.4.5',
109 silly addNameRange     '2.4.6',
109 silly addNameRange     '2.4.7',
109 silly addNameRange     '2.5.0',
109 silly addNameRange     '2.5.1',
109 silly addNameRange     '2.5.2',
109 silly addNameRange     '2.5.3',
109 silly addNameRange     '2.5.4',
109 silly addNameRange     '2.5.5',
109 silly addNameRange     '2.5.6',
109 silly addNameRange     '2.5.7',
109 silly addNameRange     '2.5.8',
109 silly addNameRange     '2.5.9',
109 silly addNameRange     '2.5.10',
109 silly addNameRange     '2.5.11',
109 silly addNameRange     '3.0.0',
109 silly addNameRange     '3.0.1',
109 silly addNameRange     '3.0.2',
109 silly addNameRange     '3.0.3',
109 silly addNameRange     '3.0.4',
109 silly addNameRange     '3.0.5',
109 silly addNameRange     '3.0.6',
109 silly addNameRange     '3.1.0',
109 silly addNameRange     '3.1.1',
109 silly addNameRange     '3.1.2',
109 silly addNameRange     '3.2.0',
109 silly addNameRange     '3.2.1',
109 silly addNameRange     '3.2.2',
109 silly addNameRange     '3.2.3',
109 silly addNameRange     '3.2.4',
109 silly addNameRange     '3.2.5',
109 silly addNameRange     '3.2.6',
109 silly addNameRange     '3.3.0',
109 silly addNameRange     '3.3.1',
109 silly addNameRange     '3.3.2',
109 silly addNameRange     '3.3.3',
109 silly addNameRange     '3.3.4',
109 silly addNameRange     '3.3.5',
109 silly addNameRange     '3.3.6',
109 silly addNameRange     '1.0.0-beta',
109 silly addNameRange     '1.0.0-beta2',
109 silly addNameRange     '1.0.0-rc',
109 silly addNameRange     '1.0.0-rc2',
109 silly addNameRange     '1.0.0-rc3',
109 silly addNameRange     '1.0.0-rc4',
109 silly addNameRange     '2.0.0-beta',
109 silly addNameRange     '2.0.0-beta2',
109 silly addNameRange     '2.0.0-beta3',
109 silly addNameRange     '2.0.0-rc',
109 silly addNameRange     '2.0.0-rc2',
109 silly addNameRange     '2.0.0-rc3',
109 silly addNameRange     '3.0.0-alpha1',
109 silly addNameRange     '3.0.0-alpha2',
109 silly addNameRange     '3.0.0-alpha3',
109 silly addNameRange     '3.0.0-alpha4',
109 silly addNameRange     '3.0.0-alpha5',
109 silly addNameRange     '3.0.0-beta1',
109 silly addNameRange     '3.0.0-beta2',
109 silly addNameRange     '3.0.0-beta3',
109 silly addNameRange     '3.0.0-beta4',
109 silly addNameRange     '3.0.0-beta6',
109 silly addNameRange     '3.0.0-beta7',
109 silly addNameRange     '3.0.0-rc1',
109 silly addNameRange     '3.0.0-rc2',
109 silly addNameRange     '3.0.0-rc3',
109 silly addNameRange     '3.0.0-rc4',
109 silly addNameRange     '3.0.0-rc5',
109 silly addNameRange     '3.3.7',
109 silly addNameRange     '3.3.8',
109 silly addNameRange     '3.4.0',
109 silly addNameRange     '3.4.1',
109 silly addNameRange     '3.4.2',
109 silly addNameRange     '3.4.3',
109 silly addNameRange     '3.4.4',
109 silly addNameRange     '3.4.5',
109 silly addNameRange     '3.4.6',
109 silly addNameRange     '3.4.7',
109 silly addNameRange     '3.4.8',
109 silly addNameRange     '4.0.0-rc1',
109 silly addNameRange     '4.0.0-rc2',
109 silly addNameRange     '3.5.0',
109 silly addNameRange     '4.0.0-rc3',
109 silly addNameRange     '4.0.0-rc4',
109 silly addNameRange     '3.5.1',
109 silly addNameRange     '4.0.0',
109 silly addNameRange     '3.5.2',
109 silly addNameRange     '4.1.0',
109 silly addNameRange     '4.1.1',
109 silly addNameRange     '3.5.3',
109 silly addNameRange     '4.1.2',
109 silly addNameRange     '3.6.0',
109 silly addNameRange     '4.2.0',
109 silly addNameRange     '3.7.0',
109 silly addNameRange     '3.8.0',
109 silly addNameRange     '4.3.0',
109 silly addNameRange     '4.3.1',
109 silly addNameRange     '3.8.1',
109 silly addNameRange     '4.3.2',
109 silly addNameRange     '3.9.0',
109 silly addNameRange     '4.4.0',
109 silly addNameRange     '4.4.1',
109 silly addNameRange     '3.10.0',
109 silly addNameRange     '3.10.1',
109 silly addNameRange     '3.10.2',
109 silly addNameRange     '3.10.3',
109 silly addNameRange     '3.10.4',
109 silly addNameRange     '4.4.2',
109 silly addNameRange     '3.10.5',
109 silly addNameRange     '4.4.3',
109 silly addNameRange     '3.11.0',
109 silly addNameRange     '4.4.4',
109 silly addNameRange     '3.12.0',
109 silly addNameRange     '3.12.1',
109 silly addNameRange     '4.4.5',
109 silly addNameRange     '3.13.0',
109 silly addNameRange     '4.5.0',
109 silly addNameRange     '4.5.1',
109 silly addNameRange     '3.14.0',
109 silly addNameRange     '4.6.0',
109 silly addNameRange     '4.6.1',
109 silly addNameRange     '3.15.0',
109 silly addNameRange     '4.7.0',
109 silly addNameRange     '3.15.1',
109 silly addNameRange     '4.7.1',
109 silly addNameRange     '3.15.2',
109 silly addNameRange     '4.7.2',
109 silly addNameRange     '4.7.3',
109 silly addNameRange     '3.15.3',
109 silly addNameRange     '4.7.4',
109 silly addNameRange     '3.16.0',
109 silly addNameRange     '4.8.0',
109 silly addNameRange     '3.16.1',
109 silly addNameRange     '4.8.1',
109 silly addNameRange     '3.16.2',
109 silly addNameRange     '4.8.2',
109 silly addNameRange     '3.16.3',
109 silly addNameRange     '3.16.4',
109 silly addNameRange     '4.8.3',
109 silly addNameRange     '3.16.5',
109 silly addNameRange     '3.16.6',
109 silly addNameRange     '4.8.4',
109 silly addNameRange     '3.16.7',
109 silly addNameRange     '4.8.5',
109 silly addNameRange     '3.16.8',
109 silly addNameRange     '4.8.6',
109 silly addNameRange     '3.16.9',
109 silly addNameRange     '4.8.7',
109 silly addNameRange     '3.16.10',
109 silly addNameRange     '4.8.8',
109 silly addNameRange     '3.17.0',
109 silly addNameRange     '3.17.1',
109 silly addNameRange     '4.9.0',
109 silly addNameRange     '3.17.2',
109 silly addNameRange     '4.9.1',
109 silly addNameRange     '4.9.2',
109 silly addNameRange     '3.17.3',
109 silly addNameRange     '4.9.3',
109 silly addNameRange     '3.17.4',
109 silly addNameRange     '4.9.4',
109 silly addNameRange     '3.17.5',
109 silly addNameRange     '4.9.5',
109 silly addNameRange     '3.17.6',
109 silly addNameRange     '3.17.7',
109 silly addNameRange     '4.9.6',
109 silly addNameRange     '4.9.7',
109 silly addNameRange     '3.17.8',
109 silly addNameRange     '4.9.8',
109 silly addNameRange     '3.18.0',
109 silly addNameRange     '3.18.1',
109 silly addNameRange     '4.10.0',
109 silly addNameRange     '3.18.2',
109 silly addNameRange     '4.10.1',
109 silly addNameRange     '5.0.0-alpha.1' ] ]
110 verbose addNamed [ 'express', '4.10.1' ]
111 verbose addNamed [ '4.10.1', '4.10.1' ]
112 silly lockFile 513c21c6-express-4-10-1 express@4.10.1
113 verbose lock express@4.10.1 /Users/juliolson/.npm/513c21c6-express-4-10-1.lock
114 http 200 https://registry.npmjs.org/lodash
115 silly registry.get cb [ 200,
115 silly registry.get   { date: 'Fri, 07 Nov 2014 17:02:12 GMT',
115 silly registry.get     server: 'CouchDB/1.5.0 (Erlang OTP/R16B03)',
115 silly registry.get     etag: '"1LZ0BWPS6UCBD7I6I505CLO4B"',
115 silly registry.get     'content-type': 'application/json',
115 silly registry.get     'cache-control': 'max-age=60',
115 silly registry.get     'content-length': '73896',
115 silly registry.get     'accept-ranges': 'bytes',
115 silly registry.get     via: '1.1 varnish',
115 silly registry.get     age: '57',
115 silly registry.get     'x-served-by': 'cache-dfw1829-DFW',
115 silly registry.get     'x-cache': 'HIT',
115 silly registry.get     'x-cache-hits': '3',
115 silly registry.get     'x-timer': 'S1415379732.118084,VS0,VE0',
115 silly registry.get     vary: 'Accept',
115 silly registry.get     'keep-alive': 'timeout=10, max=50',
115 silly registry.get     connection: 'Keep-Alive' } ]
116 silly lockFile 513c21c6-express-4-10-1 express@4.10.1
117 silly lockFile 513c21c6-express-4-10-1 express@4.10.1
118 silly lockFile 64a534c1-express express@
119 silly lockFile 64a534c1-express express@
120 silly addNameRange number 2 { name: 'lodash', range: '*', hasData: true }
121 silly addNameRange versions [ 'lodash',
121 silly addNameRange   [ '0.1.0',
121 silly addNameRange     '0.2.0',
121 silly addNameRange     '0.2.1',
121 silly addNameRange     '0.2.2',
121 silly addNameRange     '0.3.0',
121 silly addNameRange     '0.3.1',
121 silly addNameRange     '0.3.2',
121 silly addNameRange     '0.4.0',
121 silly addNameRange     '0.4.1',
121 silly addNameRange     '0.4.2',
121 silly addNameRange     '0.5.0-rc.1',
121 silly addNameRange     '0.5.0',
121 silly addNameRange     '0.5.1',
121 silly addNameRange     '0.5.2',
121 silly addNameRange     '0.6.0',
121 silly addNameRange     '0.6.1',
121 silly addNameRange     '0.7.0',
121 silly addNameRange     '0.8.0',
121 silly addNameRange     '0.8.1',
121 silly addNameRange     '0.8.2',
121 silly addNameRange     '0.9.0',
121 silly addNameRange     '0.9.1',
121 silly addNameRange     '0.9.2',
121 silly addNameRange     '0.10.0',
121 silly addNameRange     '1.0.0-rc.1',
121 silly addNameRange     '1.0.0-rc.2',
121 silly addNameRange     '1.0.0-rc.3',
121 silly addNameRange     '1.0.0',
121 silly addNameRange     '1.0.1',
121 silly addNameRange     '1.1.0',
121 silly addNameRange     '1.1.1',
121 silly addNameRange     '1.2.0',
121 silly addNameRange     '1.2.1',
121 silly addNameRange     '1.3.0',
121 silly addNameRange     '1.3.1',
121 silly addNameRange     '2.0.0',
121 silly addNameRange     '2.1.0',
121 silly addNameRange     '2.2.0',
121 silly addNameRange     '2.2.1',
121 silly addNameRange     '2.3.0',
121 silly addNameRange     '2.4.0',
121 silly addNameRange     '2.4.1' ] ]
122 verbose addNamed [ 'lodash', '2.4.1' ]
123 verbose addNamed [ '2.4.1', '2.4.1' ]
124 silly lockFile 8502be2a-lodash-2-4-1 lodash@2.4.1
125 verbose lock lodash@2.4.1 /Users/juliolson/.npm/8502be2a-lodash-2-4-1.lock
126 silly lockFile 8502be2a-lodash-2-4-1 lodash@2.4.1
127 silly lockFile 8502be2a-lodash-2-4-1 lodash@2.4.1
128 silly lockFile f856e425-lodash lodash@
129 silly lockFile f856e425-lodash lodash@
130 http 200 https://registry.npmjs.org/request
131 silly registry.get cb [ 200,
131 silly registry.get   { date: 'Fri, 07 Nov 2014 17:02:12 GMT',
131 silly registry.get     server: 'CouchDB/1.5.0 (Erlang OTP/R16B03)',
131 silly registry.get     etag: '"D8UZ32H7H5DL24LY1VM9KEPN3"',
131 silly registry.get     'content-type': 'application/json',
131 silly registry.get     'cache-control': 'max-age=60',
131 silly registry.get     'content-length': '122179',
131 silly registry.get     'accept-ranges': 'bytes',
131 silly registry.get     via: '1.1 varnish',
131 silly registry.get     age: '3',
131 silly registry.get     'x-served-by': 'cache-dfw1823-DFW',
131 silly registry.get     'x-cache': 'HIT',
131 silly registry.get     'x-cache-hits': '1',
131 silly registry.get     'x-timer': 'S1415379732.143758,VS0,VE0',
131 silly registry.get     vary: 'Accept',
131 silly registry.get     'keep-alive': 'timeout=10, max=50',
131 silly registry.get     connection: 'Keep-Alive' } ]
132 silly addNameRange number 2 { name: 'request', range: '*', hasData: true }
133 silly addNameRange versions [ 'request',
133 silly addNameRange   [ '0.10.0',
133 silly addNameRange     '0.8.3',
133 silly addNameRange     '0.9.0',
133 silly addNameRange     '0.9.1',
133 silly addNameRange     '0.9.5',
133 silly addNameRange     '1.0.0',
133 silly addNameRange     '1.1.0',
133 silly addNameRange     '1.1.1',
133 silly addNameRange     '1.2.0',
133 silly addNameRange     '1.9.0',
133 silly addNameRange     '1.9.1',
133 silly addNameRange     '1.9.2',
133 silly addNameRange     '1.9.3',
133 silly addNameRange     '1.9.5',
133 silly addNameRange     '1.9.7',
133 silly addNameRange     '1.9.8',
133 silly addNameRange     '1.9.9',
133 silly addNameRange     '2.0.0',
133 silly addNameRange     '2.0.1',
133 silly addNameRange     '2.0.2',
133 silly addNameRange     '2.0.3',
133 silly addNameRange     '2.0.4',
133 silly addNameRange     '2.0.5',
133 silly addNameRange     '2.1.0',
133 silly addNameRange     '2.1.1',
133 silly addNameRange     '2.2.0',
133 silly addNameRange     '2.2.5',
133 silly addNameRange     '2.2.6',
133 silly addNameRange     '2.2.9',
133 silly addNameRange     '2.9.0',
133 silly addNameRange     '2.9.1',
133 silly addNameRange     '2.9.2',
133 silly addNameRange     '2.9.3',
133 silly addNameRange     '2.9.100',
133 silly addNameRange     '2.9.150',
133 silly addNameRange     '2.9.151',
133 silly addNameRange     '2.9.152',
133 silly addNameRange     '2.9.153',
133 silly addNameRange     '2.9.200',
133 silly addNameRange     '2.9.201',
133 silly addNameRange     '2.9.202',
133 silly addNameRange     '2.9.203',
133 silly addNameRange     '2.10.0',
133 silly addNameRange     '2.11.0',
133 silly addNameRange     '2.11.1',
133 silly addNameRange     '2.11.2',
133 silly addNameRange     '2.11.3',
133 silly addNameRange     '2.11.4',
133 silly addNameRange     '2.12.0',
133 silly addNameRange     '2.14.0',
133 silly addNameRange     '2.16.0',
133 silly addNameRange     '2.16.2',
133 silly addNameRange     '2.16.4',
133 silly addNameRange     '2.16.6',
133 silly addNameRange     '2.18.0',
133 silly addNameRange     '2.19.0',
133 silly addNameRange     '2.20.0',
133 silly addNameRange     '2.21.0',
133 silly addNameRange     '2.22.0',
133 silly addNameRange     '2.23.0',
133 silly addNameRange     '2.24.0',
133 silly addNameRange     '2.25.0',
133 silly addNameRange     '2.26.0',
133 silly addNameRange     '2.27.0',
133 silly addNameRange     '2.28.0',
133 silly addNameRange     '2.29.0',
133 silly addNameRange     '2.30.0',
133 silly addNameRange     '2.31.0',
133 silly addNameRange     '2.32.0',
133 silly addNameRange     '2.33.0',
133 silly addNameRange     '2.34.0',
133 silly addNameRange     '2.35.0',
133 silly addNameRange     '2.36.0',
133 silly addNameRange     '2.37.0',
133 silly addNameRange     '2.38.0',
133 silly addNameRange     '2.39.0',
133 silly addNameRange     '2.40.0',
133 silly addNameRange     '2.41.0',
133 silly addNameRange     '2.42.0',
133 silly addNameRange     '2.43.0',
133 silly addNameRange     '2.44.0',
133 silly addNameRange     '2.45.0',
133 silly addNameRange     '2.46.0',
133 silly addNameRange     '2.47.0' ] ]
134 verbose addNamed [ 'request', '2.47.0' ]
135 verbose addNamed [ '2.47.0', '2.47.0' ]
136 silly lockFile 6725db09-request-2-47-0 request@2.47.0
137 verbose lock request@2.47.0 /Users/juliolson/.npm/6725db09-request-2-47-0.lock
138 silly lockFile 5a101fd8-s-org-request-request-2-47-0-tgz https://registry.npmjs.org/request/-/request-2.47.0.tgz
139 verbose lock https://registry.npmjs.org/request/-/request-2.47.0.tgz /Users/juliolson/.npm/5a101fd8-s-org-request-request-2-47-0-tgz.lock
140 verbose addRemoteTarball [ 'https://registry.npmjs.org/request/-/request-2.47.0.tgz',
140 verbose addRemoteTarball   '09e9fd1a4fed6593a805ef8202b20f0c5ecb485f' ]
141 info retry fetch attempt 1 at 11:02:11
142 verbose fetch to= /var/folders/49/fn79vrgn3p10j_k2n03kzb640000gn/T/npm-52197-D60KmIfK/registry.npmjs.org/request/-/request-2.47.0.tgz
143 http GET https://registry.npmjs.org/request/-/request-2.47.0.tgz
144 http 200 https://registry.npmjs.org/method-override/-/method-override-2.3.0.tgz
145 silly lockFile 3bbfb5fd-erride-method-override-2-3-0-tgz https://registry.npmjs.org/method-override/-/method-override-2.3.0.tgz
146 silly lockFile 3bbfb5fd-erride-method-override-2-3-0-tgz https://registry.npmjs.org/method-override/-/method-override-2.3.0.tgz
147 silly lockFile d0db1aff-method-override-2-3-0 method-override@2.3.0
148 silly lockFile d0db1aff-method-override-2-3-0 method-override@2.3.0
149 silly lockFile dd70539b-method-override method-override@
150 silly lockFile dd70539b-method-override method-override@
151 http 200 https://registry.npmjs.org/request/-/request-2.47.0.tgz
152 silly lockFile 5a101fd8-s-org-request-request-2-47-0-tgz https://registry.npmjs.org/request/-/request-2.47.0.tgz
153 silly lockFile 5a101fd8-s-org-request-request-2-47-0-tgz https://registry.npmjs.org/request/-/request-2.47.0.tgz
154 silly lockFile 6725db09-request-2-47-0 request@2.47.0
155 silly lockFile 6725db09-request-2-47-0 request@2.47.0
156 silly lockFile 9d461bcf-request request@
157 silly lockFile 9d461bcf-request request@
158 error Error: EACCES, mkdir '/Users/juliolson/.npm/request/2.47.0'
158 error  { [Error: EACCES, mkdir '/Users/juliolson/.npm/request/2.47.0']
158 error   errno: 3,
158 error   code: 'EACCES',
158 error   path: '/Users/juliolson/.npm/request/2.47.0',
158 error   parent: 'BackBoneView' }
159 error Please try running this command again as root/Administrator.
160 error System Darwin 13.4.0
161 error command "node" "/usr/local/bin/npm" "install" "express" "method-override" "request" "lodash" "--save"
162 error cwd /Users/juliolson/Github Projects/BackBoneView
163 error node -v v0.10.32
164 error npm -v 1.4.28
165 error path /Users/juliolson/.npm/request/2.47.0
166 error code EACCES
167 error errno 3
168 error stack Error: EACCES, mkdir '/Users/juliolson/.npm/request/2.47.0'
169 verbose exit [ 3, true ]
